
  _                   .-=-.           .-=-.          .-==-.       
 { }      __        .' O o '.       .' O o '.       /  -<' )--<   
 { }    .' O'.     / o .-. O \     / o .-. O \     /  .---`       
 { }   / .-. o\   /O  /   \  o\   /O  /   \  o\   /O /            
  \ `-` /   \ O`-'o  /     \  O`-'o  /     \  O`-`o /             
   `-.-`     '.____.'       `._____.'       `.____.'              

Serpent 2 beta

A Continuous-energy Monte Carlo Reactor Physics Burnup Calculation Code

 - Version 2.1.30 (February 14, 2018) -- Contact: serpent@vtt.fi

 - Reference: J. Leppanen, et al. "The Serpent Monte Carlo code: Status,
              development and applications in 2013." Ann. Nucl. Energy,
              82 (2015) 142-150.

 - Compiled Jun  5 2018 14:04:34

 - MPI Parallel calculation mode not available

 - OpenMP Parallel calculation mode available

 - Geometry and mesh plotting available

 - Default data path not set

Begin calculation on Sun Jul 15 21:28:39 2018

Reading input file "/home/terry/SSSCoup/SSSTrans/SS/SS.SSSIN"...

Checking duplicate input definitions...
OK.

Creating geometry...
OK.

Counting geometry zones...

Processing cells...
OK.

Linking materials to geometry...
OK.

Counting cells...
OK.

Reading ACE directory files...
OK.

Adding nuclides in material fuel...

Nuclide   8016.03c -- oxygen 16 at 300K (O-16)
Nuclide  92235.03c -- uranium 235 at 300K (U-235)
Nuclide  92238.03c -- uranium 238 at 300K (U-238)

Adding nuclides in material mod...

Nuclide   6000.03c -- natural carbon at 300K (C-nat)

Checking data and printing output...
OK.


***** Sun Jul 15 21:28:40 2018 (seed = 1531704519)
Warning message from function ProcessNuclides:

Minimum photon cross section energy 1.000000E+37 MeV is
above the energy grid minimum 1.000000E-03 MeV.
The energy grid minimum is set to 1.000000E+37 MeV.
Possible changes in energy cutoff cards (warned if any).


***** Sun Jul 15 21:28:40 2018 (seed = 1531704519)
Warning message from function ProcessNuclides:

Photon energy cutoff 1.000000E-03 MeV is changed to 1.000000E+37.


Generating unionize energy grids...

Adding points:

  6000.03c -- Points added in neutron grid: 1101
  8016.03c -- Points added in neutron grid: 1910
 92235.03c -- Points added in neutron grid: 30710
 92238.03c -- Points added in neutron grid: 64688

Generating unionized energy grid:

 - Unionization performed without grid thinning
   between 1.00E-11 and 20.0 MeV.

 - Final neutron grid size: 98181 points.

 - 5.09 Mb of memory allocated for grid data

OK.

Processing cross sections and ENDF reaction laws...

Nuclide   6000.03c -- natural carbon at 300K (C-nat)
Nuclide   8016.03c -- oxygen 16 at 300K (O-16)
Nuclide  92235.03c -- uranium 235 at 300K (U-235)
Nuclide  92238.03c -- uranium 238 at 300K (U-238)

SUMMARY -- 4 nuclides included in calculation:

 - 4 transport nuclides
 - Neutron energy cut-offs at 1.00E-11 and 20.0 MeV
 - 127 transport reactions
 - 31 special reactions
 - 27.32 Mb of memory allocated for data

Normalizing compositions and processing mixtures...
OK.

Allocating memory for macroscopic cross section data...
OK.

Allocating memory for particle structures...
OK.

Calculating maximum densities...
OK.

Performing density cut-off...
OK.

Sorting material-wise reaction lists:

   0% complete
 100% complete

Calculating macroscopic cross sections:

   0% complete
 100% complete

Calculating DT neutron majorant cross section:

   0% complete
 100% complete

Clearing results and statistics...
OK.

Sampling initial source...
OK.

Inactive cycle   1 /   2: k-eff = 1.00000
Inactive cycle   2 /   2: k-eff = 0.87000

----- Begin active cycles -----

------------------------------------------------------------

Serpent 2.1.30 -- Static criticality source simulation

Title: "Creating source for a time dependent simulation" 

Active cycle    1 / 10  Source neutrons :  1048

Running time :                  0:00:03
Estimated running time :        -:--:--
Estimated running time left :   -:--:--

Estimated relative CPU usage :   769.2%

k-eff (analog)    = 0.91176 +/- 0.00000  [0.91176  0.91176]
k-eff (implicit)  = 0.95413 +/- 0.00000  [0.95413  0.95413]

(O4) (OMP=20) 
------------------------------------------------------------
------------------------------------------------------------

Serpent 2.1.30 -- Static criticality source simulation

Title: "Creating source for a time dependent simulation" 

Active cycle    2 / 10  Source neutrons :  1025

Running time :                  0:00:03
Estimated running time :        -:--:--
Estimated running time left :   -:--:--

Estimated relative CPU usage :   752.6%

k-eff (analog)    = 0.92316 +/- 0.01140  [0.90082  0.94550]
k-eff (implicit)  = 0.95838 +/- 0.00425  [0.95005  0.96672]

(O4) (OMP=20) 
------------------------------------------------------------
------------------------------------------------------------

Serpent 2.1.30 -- Static criticality source simulation

Title: "Creating source for a time dependent simulation" 

Active cycle    3 / 10  Source neutrons :  1033

Running time :                  0:00:03
Estimated running time :        -:--:--
Estimated running time left :   -:--:--

Estimated relative CPU usage :   809.4%

k-eff (analog)    = 0.93724 +/- 0.01554  [0.90678  0.96770]
k-eff (implicit)  = 0.95581 +/- 0.00356  [0.94884  0.96278]

(O4) (OMP=20) 
------------------------------------------------------------
------------------------------------------------------------

Serpent 2.1.30 -- Static criticality source simulation

Title: "Creating source for a time dependent simulation" 

Active cycle    4 / 10  Source neutrons :   923

Running time :                  0:00:03
Estimated running time :        -:--:--
Estimated running time left :   -:--:--

Estimated relative CPU usage :   755.0%

k-eff (analog)    = 0.92569 +/- 0.01594  [0.89445  0.95693]
k-eff (implicit)  = 0.95125 +/- 0.00521  [0.94105  0.96146]

(O4) (OMP=20) 
------------------------------------------------------------
------------------------------------------------------------

Serpent 2.1.30 -- Static criticality source simulation

Title: "Creating source for a time dependent simulation" 

Active cycle    5 / 10  Source neutrons :   976

Running time :                  0:00:03
Estimated running time :        -:--:--
Estimated running time left :   -:--:--

Estimated relative CPU usage :   706.5%

k-eff (analog)    = 0.91449 +/- 0.01667  [0.88181  0.94716]
k-eff (implicit)  = 0.94919 +/- 0.00453  [0.94031  0.95807]

(O4) (OMP=20) 
------------------------------------------------------------
------------------------------------------------------------

Serpent 2.1.30 -- Static criticality source simulation

Title: "Creating source for a time dependent simulation" 

Active cycle    6 / 10  Source neutrons :  1076

Running time :                  0:00:03
Estimated running time :        -:--:--
Estimated running time left :   -:--:--

Estimated relative CPU usage :   739.5%

k-eff (analog)    = 0.91803 +/- 0.01407  [0.89046  0.94561]
k-eff (implicit)  = 0.95130 +/- 0.00426  [0.94296  0.95964]

(O4) (OMP=20) 
------------------------------------------------------------
------------------------------------------------------------

Serpent 2.1.30 -- Static criticality source simulation

Title: "Creating source for a time dependent simulation" 

Active cycle    7 / 10  Source neutrons :  1009

Running time :                  0:00:03
Estimated running time :        -:--:--
Estimated running time left :   -:--:--

Estimated relative CPU usage :   805.4%

k-eff (analog)    = 0.92177 +/- 0.01246  [0.89735  0.94620]
k-eff (implicit)  = 0.95206 +/- 0.00368  [0.94486  0.95927]

(O4) (OMP=20) 
------------------------------------------------------------
------------------------------------------------------------

Serpent 2.1.30 -- Static criticality source simulation

Title: "Creating source for a time dependent simulation" 

Active cycle    8 / 10  Source neutrons :  1024

Running time :                  0:00:04
Estimated running time :        -:--:--
Estimated running time left :   -:--:--

Estimated relative CPU usage :   770.4%

k-eff (analog)    = 0.92741 +/- 0.01217  [0.90354  0.95127]
k-eff (implicit)  = 0.95387 +/- 0.00366  [0.94669  0.96105]

(O4) (OMP=20) 
------------------------------------------------------------
------------------------------------------------------------

Serpent 2.1.30 -- Static criticality source simulation

Title: "Creating source for a time dependent simulation" 

Active cycle    9 / 10  Source neutrons :  1030

Running time :                  0:00:04
Estimated running time :        -:--:--
Estimated running time left :   -:--:--

Estimated relative CPU usage :   674.2%

k-eff (analog)    = 0.93501 +/- 0.01316  [0.90922  0.96080]
k-eff (implicit)  = 0.95859 +/- 0.00572  [0.94738  0.96980]

(O4) (OMP=20) 
------------------------------------------------------------
------------------------------------------------------------

Serpent 2.1.30 -- Static criticality source simulation

Title: "Creating source for a time dependent simulation" 

Active cycle   10 / 10  Source neutrons :  1038

Running time :                  0:00:04
Estimated running time :        -:--:--
Estimated running time left :   -:--:--

Estimated relative CPU usage :   821.2%

k-eff (analog)    = 0.94488 +/- 0.01536  [0.91478  0.97498]
k-eff (implicit)  = 0.96245 +/- 0.00640  [0.94989  0.97500]

(O4) (OMP=20) 
------------------------------------------------------------

Transport cycle completed in 1.57 seconds.

